<?xml version="1.0" encoding="UTF-8"?>
<!-- Generated by org.testng.reporters.JUnitReportReporter -->
<testsuite hostname="DESKTOP-2B5MDQ5" failures="0" tests="3" name="Booking.TC_06_UpdatePartialBooking" time="9.540" errors="0" timestamp="2024-07-29T11:15:22 IST" skipped="0">
  <testcase classname="Booking.TC_06_UpdatePartialBooking" name="createbooking" time="7.100"/>
  <testcase classname="Booking.TC_06_UpdatePartialBooking" name="gettoken" time="1.186"/>
  <testcase classname="Booking.TC_06_UpdatePartialBooking" name="putbooking" time="1.254"/>
</testsuite> <!-- Booking.TC_06_UpdatePartialBooking -->
