<?xml version="1.0" encoding="UTF-8"?>
<!-- Generated by org.testng.reporters.JUnitReportReporter -->
<testsuite hostname="DESKTOP-2B5MDQ5" failures="0" tests="3" name="Booking.TC_05_UpdateBookingPut" time="12.556" errors="0" timestamp="2024-07-28T16:05:36 IST" skipped="0">
  <testcase classname="Booking.TC_05_UpdateBookingPut" name="createbooking" time="10.116"/>
  <testcase classname="Booking.TC_05_UpdateBookingPut" name="gettoken" time="1.240"/>
  <testcase classname="Booking.TC_05_UpdateBookingPut" name="putbooking" time="1.200"/>
</testsuite> <!-- Booking.TC_05_UpdateBookingPut -->
