<?xml version="1.0" encoding="UTF-8"?>
<!-- Generated by org.testng.reporters.JUnitReportReporter -->
<testsuite hostname="DESKTOP-2B5MDQ5" failures="0" tests="1" name="Booking.TC_02_CreateBooking" time="12.468" errors="0" timestamp="2024-07-31T11:27:08 IST" skipped="0">
  <testcase classname="Booking.TC_02_CreateBooking" name="CreateBooking" time="12.468"/>
</testsuite> <!-- Booking.TC_02_CreateBooking -->
